# JRE version: Java(TM) SE Runtime Environment (8.0_73-b02) (build 1.8.0_73-b02)
# Java VM: Java HotSpot(TM) 64-Bit Server VM (25.73-b02 mixed mode linux-amd64 compressed oops)
Heap:
 PSYoungGen      total 120320K, used 5377K [0x00000000eab00000, 0x00000000f4280000, 0x0000000100000000)
  eden space 114176K, 4% used [0x00000000eab00000,0x00000000eb040698,0x00000000f1a80000)
  from space 6144K, 0% used [0x00000000f1a80000,0x00000000f1a80000,0x00000000f2080000)
  to   space 20480K, 0% used [0x00000000f2e80000,0x00000000f2e80000,0x00000000f4280000)
 ParOldGen       total 71680K, used 38790K [0x00000000c0000000, 0x00000000c4600000, 0x00000000eab00000)
  object space 71680K, 54% used [0x00000000c0000000,0x00000000c25e1bf0,0x00000000c4600000)
 Metaspace       used 65679K, capacity 68206K, committed 68864K, reserved 1110016K
  class space    used 8535K, capacity 9027K, committed 9216K, reserved 1048576K
GC Heap History (10 events):
Event: 7489,546 GC heap before
{Heap before GC invocations=33 (full 5):
 PSYoungGen      total 118784K, used 102688K [0x00000000eab00000, 0x00000000f3c00000, 0x0000000100000000)
  eden space 96256K, 100% used [0x00000000eab00000,0x00000000f0900000,0x00000000f0900000)
  from space 22528K, 28% used [0x00000000f0900000,0x00000000f0f48020,0x00000000f1f00000)
  to   space 22016K, 0% used [0x00000000f2680000,0x00000000f2680000,0x00000000f3c00000)
 ParOldGen       total 71680K, used 36743K [0x00000000c0000000, 0x00000000c4600000, 0x00000000eab00000)
  object space 71680K, 51% used [0x00000000c0000000,0x00000000c23e1e70,0x00000000c4600000)
 Metaspace       used 64842K, capacity 67160K, committed 68096K, reserved 1107968K
  class space    used 8489K, capacity 8950K, committed 9216K, reserved 1048576K
Event: 7489,582 GC heap after
Heap after GC invocations=33 (full 5):
 PSYoungGen      total 125952K, used 13853K [0x00000000eab00000, 0x00000000f4000000, 0x0000000100000000)
  eden space 103936K, 0% used [0x00000000eab00000,0x00000000eab00000,0x00000000f1080000)
  from space 22016K, 62% used [0x00000000f2680000,0x00000000f3407490,0x00000000f3c00000)
  to   space 22528K, 0% used [0x00000000f1080000,0x00000000f1080000,0x00000000f2680000)
 ParOldGen       total 71680K, used 36751K [0x00000000c0000000, 0x00000000c4600000, 0x00000000eab00000)
  object space 71680K, 51% used [0x00000000c0000000,0x00000000c23e3e70,0x00000000c4600000)
 Metaspace       used 64842K, capacity 67160K, committed 68096K, reserved 1107968K
  class space    used 8489K, capacity 8950K, committed 9216K, reserved 1048576K
}
Event: 7491,271 GC heap before
{Heap before GC invocations=34 (full 5):
 PSYoungGen      total 125952K, used 117789K [0x00000000eab00000, 0x00000000f4000000, 0x0000000100000000)
  eden space 103936K, 100% used [0x00000000eab00000,0x00000000f1080000,0x00000000f1080000)
  from space 22016K, 62% used [0x00000000f2680000,0x00000000f3407490,0x00000000f3c00000)
  to   space 22528K, 0% used [0x00000000f1080000,0x00000000f1080000,0x00000000f2680000)
 ParOldGen       total 71680K, used 36751K [0x00000000c0000000, 0x00000000c4600000, 0x00000000eab00000)
  object space 71680K, 51% used [0x00000000c0000000,0x00000000c23e3e70,0x00000000c4600000)
 Metaspace       used 65043K, capacity 67472K, committed 68352K, reserved 1107968K
  class space    used 8500K, capacity 8970K, committed 9216K, reserved 1048576K
Event: 7491,292 GC heap after
Heap after GC invocations=34 (full 5):
 PSYoungGen      total 126464K, used 10825K [0x00000000eab00000, 0x00000000f4680000, 0x0000000100000000)
  eden space 103936K, 0% used [0x00000000eab00000,0x00000000eab00000,0x00000000f1080000)
  from space 22528K, 48% used [0x00000000f1080000,0x00000000f1b12540,0x00000000f2680000)
  to   space 21504K, 0% used [0x00000000f3180000,0x00000000f3180000,0x00000000f4680000)
 ParOldGen       total 71680K, used 36759K [0x00000000c0000000, 0x00000000c4600000, 0x00000000eab00000)
  object space 71680K, 51% used [0x00000000c0000000,0x00000000c23e5e70,0x00000000c4600000)
 Metaspace       used 65043K, capacity 67472K, committed 68352K, reserved 1107968K
  class space    used 8500K, capacity 8970K, committed 9216K, reserved 1048576K
}
Event: 7548,961 GC heap before
{Heap before GC invocations=35 (full 5):
 PSYoungGen      total 126464K, used 114761K [0x00000000eab00000, 0x00000000f4680000, 0x0000000100000000)
  eden space 103936K, 100% used [0x00000000eab00000,0x00000000f1080000,0x00000000f1080000)
  from space 22528K, 48% used [0x00000000f1080000,0x00000000f1b12540,0x00000000f2680000)
  to   space 21504K, 0% used [0x00000000f3180000,0x00000000f3180000,0x00000000f4680000)
 ParOldGen       total 71680K, used 36759K [0x00000000c0000000, 0x00000000c4600000, 0x00000000eab00000)
  object space 71680K, 51% used [0x00000000c0000000,0x00000000c23e5e70,0x00000000c4600000)
 Metaspace       used 65537K, capacity 67950K, committed 68864K, reserved 1110016K
  class space    used 8509K, capacity 8975K, committed 9216K, reserved 1048576K
Event: 7548,978 GC heap after
Heap after GC invocations=35 (full 5):
 PSYoungGen      total 132608K, used 7141K [0x00000000eab00000, 0x00000000f4380000, 0x0000000100000000)
  eden space 114176K, 0% used [0x00000000eab00000,0x00000000eab00000,0x00000000f1a80000)
  from space 18432K, 38% used [0x00000000f3180000,0x00000000f38797c0,0x00000000f4380000)
  to   space 20992K, 0% used [0x00000000f1a80000,0x00000000f1a80000,0x00000000f2f00000)
 ParOldGen       total 71680K, used 36767K [0x00000000c0000000, 0x00000000c4600000, 0x00000000eab00000)
  object space 71680K, 51% used [0x00000000c0000000,0x00000000c23e7e70,0x00000000c4600000)
 Metaspace       used 65537K, capacity 67950K, committed 68864K, reserved 1110016K
  class space    used 8509K, capacity 8975K, committed 9216K, reserved 1048576K
}
Event: 7549,532 GC heap before
{Heap before GC invocations=36 (full 5):
 PSYoungGen      total 132608K, used 13401K [0x00000000eab00000, 0x00000000f4380000, 0x0000000100000000)
  eden space 114176K, 5% used [0x00000000eab00000,0x00000000eb11cd90,0x00000000f1a80000)
  from space 18432K, 38% used [0x00000000f3180000,0x00000000f38797c0,0x00000000f4380000)
  to   space 20992K, 0% used [0x00000000f1a80000,0x00000000f1a80000,0x00000000f2f00000)
 ParOldGen       total 71680K, used 36767K [0x00000000c0000000, 0x00000000c4600000, 0x00000000eab00000)
  object space 71680K, 51% used [0x00000000c0000000,0x00000000c23e7e70,0x00000000c4600000)
 Metaspace       used 65555K, capacity 68014K, committed 68864K, reserved 1110016K
  class space    used 8509K, capacity 8975K, committed 9216K, reserved 1048576K
Event: 7549,542 GC heap after
Heap after GC invocations=36 (full 5):
 PSYoungGen      total 120320K, used 5792K [0x00000000eab00000, 0x00000000f4280000, 0x0000000100000000)
  eden space 114176K, 0% used [0x00000000eab00000,0x00000000eab00000,0x00000000f1a80000)
  from space 6144K, 94% used [0x00000000f1a80000,0x00000000f2028000,0x00000000f2080000)
  to   space 20480K, 0% used [0x00000000f2e80000,0x00000000f2e80000,0x00000000f4280000)
 ParOldGen       total 71680K, used 36775K [0x00000000c0000000, 0x00000000c4600000, 0x00000000eab00000)
  object space 71680K, 51% used [0x00000000c0000000,0x00000000c23e9e70,0x00000000c4600000)
 Metaspace       used 65555K, capacity 68014K, committed 68864K, reserved 1110016K
  class space    used 8509K, capacity 8975K, committed 9216K, reserved 1048576K
}
Event: 7549,542 GC heap before
{Heap before GC invocations=37 (full 6):
 PSYoungGen      total 120320K, used 5792K [0x00000000eab00000, 0x00000000f4280000, 0x0000000100000000)
  eden space 114176K, 0% used [0x00000000eab00000,0x00000000eab00000,0x00000000f1a80000)
  from space 6144K, 94% used [0x00000000f1a80000,0x00000000f2028000,0x00000000f2080000)
  to   space 20480K, 0% used [0x00000000f2e80000,0x00000000f2e80000,0x00000000f4280000)
 ParOldGen       total 71680K, used 36775K [0x00000000c0000000, 0x00000000c4600000, 0x00000000eab00000)
  object space 71680K, 51% used [0x00000000c0000000,0x00000000c23e9e70,0x00000000c4600000)
 Metaspace       used 65555K, capacity 68014K, committed 68864K, reserved 1110016K
  class space    used 8509K, capacity 8975K, committed 9216K, reserved 1048576K
Event: 7550,029 GC heap after
Heap after GC invocations=37 (full 6):
 PSYoungGen      total 120320K, used 0K [0x00000000eab00000, 0x00000000f4280000, 0x0000000100000000)
  eden space 114176K, 0% used [0x00000000eab00000,0x00000000eab00000,0x00000000f1a80000)
  from space 6144K, 0% used [0x00000000f1a80000,0x00000000f1a80000,0x00000000f2080000)
  to   space 20480K, 0% used [0x00000000f2e80000,0x00000000f2e80000,0x00000000f4280000)
 ParOldGen       total 71680K, used 38790K [0x00000000c0000000, 0x00000000c4600000, 0x00000000eab00000)
  object space 71680K, 54% used [0x00000000c0000000,0x00000000c25e1bf0,0x00000000c4600000)
 Metaspace       used 65555K, capacity 68014K, committed 68864K, reserved 1110016K
  class space    used 8509K, capacity 8975K, committed 9216K, reserved 1048576K
}

